This is pdfTeX, Version 3.141592653-2.6-1.40.24 (MiKTeX 22.10) (preloaded format=pdflatex 2023.3.19)  27 MAR 2024 12:38
entering extended mode
 restricted \write18 enabled.
 %&-line parsing enabled.
**./lonka_2.tex
(lonka_2.tex
LaTeX2e <2022-06-01> patch level 5
L3 programming layer <2022-09-28>
(C:\Program Files\MiKTeX\tex/latex/base\article.cls
Document Class: article 2021/10/04 v1.4n Standard LaTeX document class
(C:\Program Files\MiKTeX\tex/latex/base\size10.clo
File: size10.clo 2021/10/04 v1.4n Standard LaTeX file (size option)
)
\c@part=\count185
\c@section=\count186
\c@subsection=\count187
\c@subsubsection=\count188
\c@paragraph=\count189
\c@subparagraph=\count190
\c@figure=\count191
\c@table=\count192
\abovecaptionskip=\skip47
\belowcaptionskip=\skip48
\bibindent=\dimen138
)
(C:\Program Files\MiKTeX\tex/latex/graphics\graphicx.sty
Package: graphicx 2021/09/16 v1.2d Enhanced LaTeX Graphics (DPC,SPQR)

(C:\Program Files\MiKTeX\tex/latex/graphics\keyval.sty
Package: keyval 2022/05/29 v1.15 key=value parser (DPC)
\KV@toks@=\toks16
)
(C:\Program Files\MiKTeX\tex/latex/graphics\graphics.sty
Package: graphics 2022/03/10 v1.4e Standard LaTeX Graphics (DPC,SPQR)

(C:\Program Files\MiKTeX\tex/latex/graphics\trig.sty
Package: trig 2021/08/11 v1.11 sin cos tan (DPC)
)
(C:\Program Files\MiKTeX\tex/latex/graphics-cfg\graphics.cfg
File: graphics.cfg 2016/06/04 v1.11 sample graphics configuration
)
Package graphics Info: Driver file: pdftex.def on input line 107.

(C:\Program Files\MiKTeX\tex/latex/graphics-def\pdftex.def
File: pdftex.def 2022/09/22 v1.2b Graphics/color driver for pdftex
\stockwidth=\dimen139
\stockheight=\dimen140
))
\Gin@req@height=\dimen141
\Gin@req@width=\dimen142
)
(C:\Users\User\AppData\Roaming\MiKTeX\tex/latex/fancyhdr\fancyhdr.sty
Package: fancyhdr 2022/11/09 v4.1 Extensive control of page headers and footers

\f@nch@headwidth=\skip49
\f@nch@O@elh=\skip50
\f@nch@O@erh=\skip51
\f@nch@O@olh=\skip52
\f@nch@O@orh=\skip53
\f@nch@O@elf=\skip54
\f@nch@O@erf=\skip55
\f@nch@O@olf=\skip56
\f@nch@O@orf=\skip57
)
(C:\Users\User\AppData\Roaming\MiKTeX\tex/latex/lipsum\lipsum.sty
(C:\Program Files\MiKTeX\tex/latex/l3packages/l3keys2e\l3keys2e.sty
(C:\Program Files\MiKTeX\tex/latex/l3kernel\expl3.sty
Package: expl3 2022-09-28 L3 programming layer (loader) 

(C:\Program Files\MiKTeX\tex/latex/l3backend\l3backend-pdftex.def
File: l3backend-pdftex.def 2022-09-28 L3 backend support: PDF output (pdfTeX)
\l__color_backend_stack_int=\count193
\l__pdf_internal_box=\box51
))
Package: l3keys2e 2022-06-22 LaTeX2e option processing using LaTeX3 keys
)
Package: lipsum 2021-09-20 v2.7 150 paragraphs of Lorem Ipsum dummy text
\g__lipsum_par_int=\count194
\l__lipsum_a_int=\count195
\l__lipsum_b_int=\count196

(C:\Users\User\AppData\Roaming\MiKTeX\tex/latex/lipsum\lipsum.ltd.tex))
(C:\Users\User\AppData\Roaming\MiKTeX\tex/latex/geometry\geometry.sty
Package: geometry 2020/01/02 v5.9 Page Geometry

(C:\Program Files\MiKTeX\tex/generic/iftex\ifvtex.sty
Package: ifvtex 2019/10/25 v1.7 ifvtex legacy package. Use iftex instead.

(C:\Program Files\MiKTeX\tex/generic/iftex\iftex.sty
Package: iftex 2022/02/03 v1.0f TeX engine tests
))
\Gm@cnth=\count197
\Gm@cntv=\count198
\c@Gm@tempcnt=\count199
\Gm@bindingoffset=\dimen143
\Gm@wd@mp=\dimen144
\Gm@odd@mp=\dimen145
\Gm@even@mp=\dimen146
\Gm@layoutwidth=\dimen147
\Gm@layoutheight=\dimen148
\Gm@layouthoffset=\dimen149
\Gm@layoutvoffset=\dimen150
\Gm@dimlist=\toks17

(C:\Users\User\AppData\Roaming\MiKTeX\tex/latex/geometry\geometry.cfg))
(C:\Users\User\AppData\Roaming\MiKTeX\tex/latex/float\float.sty
Package: float 2001/11/08 v1.3d Float enhancements (AL)
\c@float@type=\count266
\float@exts=\toks18
\float@box=\box52
\@float@everytoks=\toks19
\@floatcapt=\box53
)
(C:\Users\User\AppData\Roaming\MiKTeX\tex/latex/caption\caption.sty
Package: caption 2023/08/05 v3.6o Customizing captions (AR)

(C:\Users\User\AppData\Roaming\MiKTeX\tex/latex/caption\caption3.sty
Package: caption3 2023/07/31 v2.4d caption3 kernel (AR)
\caption@tempdima=\dimen151
\captionmargin=\dimen152
\caption@leftmargin=\dimen153
\caption@rightmargin=\dimen154
\caption@width=\dimen155
\caption@indent=\dimen156
\caption@parindent=\dimen157
\caption@hangindent=\dimen158
Package caption Info: Standard document class detected.
)
\c@caption@flags=\count267
\c@continuedfloat=\count268
Package caption Info: float package is loaded.
)
(lonka_2.aux)
\openout1 = `lonka_2.aux'.

LaTeX Font Info:    Checking defaults for OML/cmm/m/it on input line 20.
LaTeX Font Info:    ... okay on input line 20.
LaTeX Font Info:    Checking defaults for OMS/cmsy/m/n on input line 20.
LaTeX Font Info:    ... okay on input line 20.
LaTeX Font Info:    Checking defaults for OT1/cmr/m/n on input line 20.
LaTeX Font Info:    ... okay on input line 20.
LaTeX Font Info:    Checking defaults for T1/cmr/m/n on input line 20.
LaTeX Font Info:    ... okay on input line 20.
LaTeX Font Info:    Checking defaults for TS1/cmr/m/n on input line 20.
LaTeX Font Info:    ... okay on input line 20.
LaTeX Font Info:    Checking defaults for OMX/cmex/m/n on input line 20.
LaTeX Font Info:    ... okay on input line 20.
LaTeX Font Info:    Checking defaults for U/cmr/m/n on input line 20.
LaTeX Font Info:    ... okay on input line 20.
 (C:\Program Files\MiKTeX\tex/context/base/mkii\supp-pdf.mkii
[Loading MPS to PDF converter (version 2006.09.02).]
\scratchcounter=\count269
\scratchdimen=\dimen159
\scratchbox=\box54
\nofMPsegments=\count270
\nofMParguments=\count271
\everyMPshowfont=\toks20
\MPscratchCnt=\count272
\MPscratchDim=\dimen160
\MPnumerator=\count273
\makeMPintoPDFobject=\count274
\everyMPtoPDFconversion=\toks21
) (C:\Program Files\MiKTeX\tex/latex/epstopdf-pkg\epstopdf-base.sty
Package: epstopdf-base 2020-01-24 v2.11 Base part for package epstopdf
Package epstopdf-base Info: Redefining graphics rule for `.eps' on input line 4
85.

(C:\Program Files\MiKTeX\tex/latex/00miktex\epstopdf-sys.cfg
File: epstopdf-sys.cfg 2021/03/18 v2.0 Configuration of epstopdf for MiKTeX
))
*geometry* driver: auto-detecting
*geometry* detected driver: pdftex
*geometry* verbose mode - [ preamble ] result:
* driver: pdftex
* paper: <default>
* layout: <same size as paper>
* layoutoffset:(h,v)=(0.0pt,0.0pt)
* modes: 
* h-part:(L,W,R)=(72.26999pt, 469.75502pt, 72.26999pt)
* v-part:(T,H,B)=(72.26999pt, 650.43001pt, 72.26999pt)
* \paperwidth=614.295pt
* \paperheight=794.96999pt
* \textwidth=469.75502pt
* \textheight=650.43001pt
* \oddsidemargin=0.0pt
* \evensidemargin=0.0pt
* \topmargin=-37.0pt
* \headheight=12.0pt
* \headsep=25.0pt
* \topskip=10.0pt
* \footskip=30.0pt
* \marginparwidth=65.0pt
* \marginparsep=11.0pt
* \columnsep=10.0pt
* \skip\footins=9.0pt plus 4.0pt minus 2.0pt
* \hoffset=0.0pt
* \voffset=0.0pt
* \mag=1000
* \@twocolumnfalse
* \@twosidefalse
* \@mparswitchfalse
* \@reversemarginfalse
* (1in=72.27pt=25.4mm, 1cm=28.453pt)

Package caption Info: Begin \AtBeginDocument code.
Package caption Info: End \AtBeginDocument code.
<image/logo_lbfl.png, id=1, 469.6066pt x 178.44902pt>
File: image/logo_lbfl.png Graphic file (type png)
<use image/logo_lbfl.png>
Package pdftex.def Info: image/logo_lbfl.png  used on input line 26.
(pdftex.def)             Requested size: 469.75502pt x 178.50845pt.
[1

{C:/Users/User/AppData/Local/MiKTeX/fonts/map/pdftex/pdftex.map} <./image/logo_
lbfl.png>]
LaTeX Font Info:    External font `cmex10' loaded for size
(Font)              <12> on input line 45.
LaTeX Font Info:    External font `cmex10' loaded for size
(Font)              <8> on input line 45.
LaTeX Font Info:    External font `cmex10' loaded for size
(Font)              <6> on input line 45.
 [1] (lonka_2.toc
LaTeX Font Info:    External font `cmex10' loaded for size
(Font)              <7> on input line 2.
LaTeX Font Info:    External font `cmex10' loaded for size
(Font)              <5> on input line 2.
)
\tf@toc=\write3
\openout3 = `lonka_2.toc'.

<image/usl_logo.png, id=14, 76.48575pt x 24.09pt>
File: image/usl_logo.png Graphic file (type png)
<use image/usl_logo.png>
Package pdftex.def Info: image/usl_logo.png  used on input line 54.
(pdftex.def)             Requested size: 63.49947pt x 20.0pt.


Package fancyhdr Warning: \headheight is too small (12.0pt): 
(fancyhdr)                Make it at least 23.60004pt, for example:
(fancyhdr)                \setlength{\headheight}{23.60004pt}.
(fancyhdr)                You might also make \topmargin smaller to compensate:

(fancyhdr)                \addtolength{\topmargin}{-11.60004pt}.

[2 <./image/usl_logo.png>]
<image/user_login_1.png, id=21, 254.1495pt x 238.491pt>
File: image/user_login_1.png Graphic file (type png)
<use image/user_login_1.png>
Package pdftex.def Info: image/user_login_1.png  used on input line 64.
(pdftex.def)             Requested size: 352.31625pt x 330.63904pt.
<image/forget_pass_mail_addr.png, id=22, 359.09157pt x 255.95625pt>
File: image/forget_pass_mail_addr.png Graphic file (type png)
<use image/forget_pass_mail_addr.png>
Package pdftex.def Info: image/forget_pass_mail_addr.png  used on input line 72
.
(pdftex.def)             Requested size: 352.31625pt x 251.14394pt.
File: image/usl_logo.png Graphic file (type png)
<use image/usl_logo.png>
Package pdftex.def Info: image/usl_logo.png  used on input line 73.
(pdftex.def)             Requested size: 63.49947pt x 20.0pt.


Package fancyhdr Warning: \headheight is too small (12.0pt): 
(fancyhdr)                Make it at least 23.60004pt, for example:
(fancyhdr)                \setlength{\headheight}{23.60004pt}.
(fancyhdr)                You might also make \topmargin smaller to compensate:

(fancyhdr)                \addtolength{\topmargin}{-11.60004pt}.

[3 <./image/user_login_1.png>]
<image/usernot_found_forget_pass.png, id=27, 352.31625pt x 347.04657pt>
File: image/usernot_found_forget_pass.png Graphic file (type png)
<use image/usernot_found_forget_pass.png>
Package pdftex.def Info: image/usernot_found_forget_pass.png  used on input lin
e 81.
(pdftex.def)             Requested size: 352.31625pt x 347.04572pt.
File: image/usl_logo.png Graphic file (type png)
<use image/usl_logo.png>
Package pdftex.def Info: image/usl_logo.png  used on input line 86.
(pdftex.def)             Requested size: 63.49947pt x 20.0pt.


Package fancyhdr Warning: \headheight is too small (12.0pt): 
(fancyhdr)                Make it at least 23.60004pt, for example:
(fancyhdr)                \setlength{\headheight}{23.60004pt}.
(fancyhdr)                You might also make \topmargin smaller to compensate:

(fancyhdr)                \addtolength{\topmargin}{-11.60004pt}.

[4 <./image/forget_pass_mail_addr.png> <./image/usernot_found_forget_pass.png>]
<image/verification_code_send.png, id=33, 351.56343pt x 350.81062pt>
File: image/verification_code_send.png Graphic file (type png)
<use image/verification_code_send.png>
Package pdftex.def Info: image/verification_code_send.png  used on input line 8
7.
(pdftex.def)             Requested size: 352.31625pt x 351.55916pt.
<image/super_admin.png, id=34, 414.348pt x 249.93375pt>
File: image/super_admin.png Graphic file (type png)
<use image/super_admin.png>
Package pdftex.def Info: image/super_admin.png  used on input line 105.
(pdftex.def)             Requested size: 352.31625pt x 212.51715pt.
File: image/usl_logo.png Graphic file (type png)
<use image/usl_logo.png>
Package pdftex.def Info: image/usl_logo.png  used on input line 106.
(pdftex.def)             Requested size: 63.49947pt x 20.0pt.

Package fancyhdr Warning: \headheight is too small (12.0pt): 
(fancyhdr)                Make it at least 23.60004pt, for example:
(fancyhdr)                \setlength{\headheight}{23.60004pt}.
(fancyhdr)                You might also make \topmargin smaller to compensate:

(fancyhdr)                \addtolength{\topmargin}{-11.60004pt}.

[5 <./image/verification_code_send.png>]
Underfull \hbox (badness 10000) in paragraph at lines 107--108

 []

<image/super_admin_user_not_found.png, id=39, 366.168pt x 261.3765pt>
File: image/super_admin_user_not_found.png Graphic file (type png)
<use image/super_admin_user_not_found.png>
Package pdftex.def Info: image/super_admin_user_not_found.png  used on input li
ne 111.
(pdftex.def)             Requested size: 352.31625pt x 251.49287pt.

Underfull \hbox (badness 10000) in paragraph at lines 121--122

 []

<image/hod_1.png, id=40, 469.755pt x 237.88875pt>
File: image/hod_1.png Graphic file (type png)
<use image/hod_1.png>
Package pdftex.def Info: image/hod_1.png  used on input line 123.
(pdftex.def)             Requested size: 469.75502pt x 237.88815pt.
File: image/usl_logo.png Graphic file (type png)
<use image/usl_logo.png>
Package pdftex.def Info: image/usl_logo.png  used on input line 124.
(pdftex.def)             Requested size: 63.49947pt x 20.0pt.

Package fancyhdr Warning: \headheight is too small (12.0pt): 
(fancyhdr)                Make it at least 23.60004pt, for example:
(fancyhdr)                \setlength{\headheight}{23.60004pt}.
(fancyhdr)                You might also make \topmargin smaller to compensate:

(fancyhdr)                \addtolength{\topmargin}{-11.60004pt}.

[6 <./image/super_admin.png> <./image/super_admin_user_not_found.png>]
Underfull \hbox (badness 10000) in paragraph at lines 128--129

 []

<image/hod_2.png, id=47, 469.755pt x 219.82124pt>
File: image/hod_2.png Graphic file (type png)
<use image/hod_2.png>
Package pdftex.def Info: image/hod_2.png  used on input line 130.
(pdftex.def)             Requested size: 469.75502pt x 219.8207pt.

Underfull \hbox (badness 10000) in paragraph at lines 133--134

 []

<image/hod_3.png, id=48, 469.755pt x 200.24812pt>
File: image/hod_3.png Graphic file (type png)
<use image/hod_3.png>
Package pdftex.def Info: image/hod_3.png  used on input line 135.
(pdftex.def)             Requested size: 469.75502pt x 200.24763pt.
File: image/usl_logo.png Graphic file (type png)
<use image/usl_logo.png>
Package pdftex.def Info: image/usl_logo.png  used on input line 136.
(pdftex.def)             Requested size: 63.49947pt x 20.0pt.

Package fancyhdr Warning: \headheight is too small (12.0pt): 
(fancyhdr)                Make it at least 23.60004pt, for example:
(fancyhdr)                \setlength{\headheight}{23.60004pt}.
(fancyhdr)                You might also make \topmargin smaller to compensate:

(fancyhdr)                \addtolength{\topmargin}{-11.60004pt}.

[7 <./image/hod_1.png> <./image/hod_2.png>]
<image/hod_4.png, id=54, 469.755pt x 189.70876pt>
File: image/hod_4.png Graphic file (type png)
<use image/hod_4.png>
Package pdftex.def Info: image/hod_4.png  used on input line 141.
(pdftex.def)             Requested size: 469.75502pt x 189.70828pt.
<image/cm_dashboard_image.png, id=55, 469.755pt x 192.11775pt>
File: image/cm_dashboard_image.png Graphic file (type png)
<use image/cm_dashboard_image.png>
Package pdftex.def Info: image/cm_dashboard_image.png  used on input line 153.
(pdftex.def)             Requested size: 469.75502pt x 192.11728pt.
File: image/usl_logo.png Graphic file (type png)
<use image/usl_logo.png>
Package pdftex.def Info: image/usl_logo.png  used on input line 154.
(pdftex.def)             Requested size: 63.49947pt x 20.0pt.


Package fancyhdr Warning: \headheight is too small (12.0pt): 
(fancyhdr)                Make it at least 23.60004pt, for example:
(fancyhdr)                \setlength{\headheight}{23.60004pt}.
(fancyhdr)                You might also make \topmargin smaller to compensate:

(fancyhdr)                \addtolength{\topmargin}{-11.60004pt}.

[8 <./image/hod_3.png> <./image/hod_4.png>]
<image/cm_2.png, id=61, 469.755pt x 216.20775pt>
File: image/cm_2.png Graphic file (type png)
<use image/cm_2.png>
Package pdftex.def Info: image/cm_2.png  used on input line 158.
(pdftex.def)             Requested size: 469.75502pt x 216.20721pt.
<image/rm_1_team_view.png, id=62, 469.755pt x 240.29774pt>
File: image/rm_1_team_view.png Graphic file (type png)
<use image/rm_1_team_view.png>
Package pdftex.def Info: image/rm_1_team_view.png  used on input line 167.
(pdftex.def)             Requested size: 352.31625pt x 180.22285pt.
File: image/usl_logo.png Graphic file (type png)
<use image/usl_logo.png>
Package pdftex.def Info: image/usl_logo.png  used on input line 168.
(pdftex.def)             Requested size: 63.49947pt x 20.0pt.


Package fancyhdr Warning: \headheight is too small (12.0pt): 
(fancyhdr)                Make it at least 23.60004pt, for example:
(fancyhdr)                \setlength{\headheight}{23.60004pt}.
(fancyhdr)                You might also make \topmargin smaller to compensate:

(fancyhdr)                \addtolength{\topmargin}{-11.60004pt}.

[9 <./image/cm_dashboard_image.png> <./image/cm_2.png>]
<image/ro_1.png, id=68, 979.2585pt x 324.0105pt>
File: image/ro_1.png Graphic file (type png)
<use image/ro_1.png>
Package pdftex.def Info: image/ro_1.png  used on input line 177.
(pdftex.def)             Requested size: 469.75502pt x 155.42934pt.
<image/ro_3_commited_clients_popup.png, id=69, 906.9885pt x 446.8695pt>
File: image/ro_3_commited_clients_popup.png Graphic file (type png)
<use image/ro_3_commited_clients_popup.png>
Package pdftex.def Info: image/ro_3_commited_clients_popup.png  used on input l
ine 185.
(pdftex.def)             Requested size: 352.31625pt x 173.5829pt.
File: image/usl_logo.png Graphic file (type png)
<use image/usl_logo.png>
Package pdftex.def Info: image/usl_logo.png  used on input line 191.
(pdftex.def)             Requested size: 63.49947pt x 20.0pt.


Package fancyhdr Warning: \headheight is too small (12.0pt): 
(fancyhdr)                Make it at least 23.60004pt, for example:
(fancyhdr)                \setlength{\headheight}{23.60004pt}.
(fancyhdr)                You might also make \topmargin smaller to compensate:

(fancyhdr)                \addtolength{\topmargin}{-11.60004pt}.

[10 <./image/rm_1_team_view.png> <./image/ro_1.png> <./image/ro_3_commited_clie
nts_popup.png>]
<image/ro_4_commited_clients_detailspng.png, id=76, 976.24725pt x 483.0045pt>
File: image/ro_4_commited_clients_detailspng.png Graphic file (type png)
<use image/ro_4_commited_clients_detailspng.png>
Package pdftex.def Info: image/ro_4_commited_clients_detailspng.png  used on in
put line 199.
(pdftex.def)             Requested size: 352.31625pt x 174.30894pt.
<image/ro_5_portfilo_asset.png, id=77, 229.45724pt x 235.47975pt>
File: image/ro_5_portfilo_asset.png Graphic file (type png)
<use image/ro_5_portfilo_asset.png>
Package pdftex.def Info: image/ro_5_portfilo_asset.png  used on input line 205.

(pdftex.def)             Requested size: 352.31625pt x 361.59073pt.
File: image/usl_logo.png Graphic file (type png)
<use image/usl_logo.png>
Package pdftex.def Info: image/usl_logo.png  used on input line 206.
(pdftex.def)             Requested size: 63.49947pt x 20.0pt.


Package fancyhdr Warning: \headheight is too small (12.0pt): 
(fancyhdr)                Make it at least 23.60004pt, for example:
(fancyhdr)                \setlength{\headheight}{23.60004pt}.
(fancyhdr)                You might also make \topmargin smaller to compensate:

(fancyhdr)                \addtolength{\topmargin}{-11.60004pt}.

[11 <./image/ro_4_commited_clients_detailspng.png>]
File: image/usl_logo.png Graphic file (type png)
<use image/usl_logo.png>
Package pdftex.def Info: image/usl_logo.png  used on input line 226.
(pdftex.def)             Requested size: 63.49947pt x 20.0pt.


Package fancyhdr Warning: \headheight is too small (12.0pt): 
(fancyhdr)                Make it at least 23.60004pt, for example:
(fancyhdr)                \setlength{\headheight}{23.60004pt}.
(fancyhdr)                You might also make \topmargin smaller to compensate:

(fancyhdr)                \addtolength{\topmargin}{-11.60004pt}.

[12 <./image/ro_5_portfilo_asset.png>]
<image/ro_2.png, id=88, 976.8495pt x 466.74374pt>
File: image/ro_2.png Graphic file (type png)
<use image/ro_2.png>
Package pdftex.def Info: image/ro_2.png  used on input line 236.
(pdftex.def)             Requested size: 469.75502pt x 224.44753pt.
<image/ro_6_sample_excel.png, id=89, 1155.1155pt x 612.48825pt>
File: image/ro_6_sample_excel.png Graphic file (type png)
<use image/ro_6_sample_excel.png>
Package pdftex.def Info: image/ro_6_sample_excel.png  used on input line 243.
(pdftex.def)             Requested size: 469.75502pt x 249.08443pt.
<image/change_password.png, id=90, 977.45175pt x 333.04425pt>
File: image/change_password.png Graphic file (type png)
<use image/change_password.png>
Package pdftex.def Info: image/change_password.png  used on input line 249.
(pdftex.def)             Requested size: 469.75502pt x 160.0576pt.
File: image/usl_logo.png Graphic file (type png)
<use image/usl_logo.png>
Package pdftex.def Info: image/usl_logo.png  used on input line 251.
(pdftex.def)             Requested size: 63.49947pt x 20.0pt.


Package fancyhdr Warning: \headheight is too small (12.0pt): 
(fancyhdr)                Make it at least 23.60004pt, for example:
(fancyhdr)                \setlength{\headheight}{23.60004pt}.
(fancyhdr)                You might also make \topmargin smaller to compensate:

(fancyhdr)                \addtolength{\topmargin}{-11.60004pt}.

[13 <./image/ro_2.png> <./image/ro_6_sample_excel.png>]
<image/settings_target_view.png, id=96, 1152.10425pt x 517.935pt>
File: image/settings_target_view.png Graphic file (type png)
<use image/settings_target_view.png>
Package pdftex.def Info: image/settings_target_view.png  used on input line 283
.
(pdftex.def)             Requested size: 469.75502pt x 211.17715pt.
File: image/usl_logo.png Graphic file (type png)
<use image/usl_logo.png>
Package pdftex.def Info: image/usl_logo.png  used on input line 285.
(pdftex.def)             Requested size: 63.49947pt x 20.0pt.


Package fancyhdr Warning: \headheight is too small (12.0pt): 
(fancyhdr)                Make it at least 23.60004pt, for example:
(fancyhdr)                \setlength{\headheight}{23.60004pt}.
(fancyhdr)                You might also make \topmargin smaller to compensate:

(fancyhdr)                \addtolength{\topmargin}{-11.60004pt}.

[14 <./image/change_password.png>]
<image/setting_target_single_view.png, id=101, 981.6675pt x 479.99326pt>
File: image/setting_target_single_view.png Graphic file (type png)
<use image/setting_target_single_view.png>
Package pdftex.def Info: image/setting_target_single_view.png  used on input li
ne 312.
(pdftex.def)             Requested size: 469.75502pt x 229.69102pt.
File: image/usl_logo.png Graphic file (type png)
<use image/usl_logo.png>
Package pdftex.def Info: image/usl_logo.png  used on input line 314.
(pdftex.def)             Requested size: 63.49947pt x 20.0pt.


Package fancyhdr Warning: \headheight is too small (12.0pt): 
(fancyhdr)                Make it at least 23.60004pt, for example:
(fancyhdr)                \setlength{\headheight}{23.60004pt}.
(fancyhdr)                You might also make \topmargin smaller to compensate:

(fancyhdr)                \addtolength{\topmargin}{-11.60004pt}.

[15 <./image/settings_target_view.png>]
File: image/usl_logo.png Graphic file (type png)
<use image/usl_logo.png>
Package pdftex.def Info: image/usl_logo.png  used on input line 326.
(pdftex.def)             Requested size: 63.49947pt x 20.0pt.


Package fancyhdr Warning: \headheight is too small (12.0pt): 
(fancyhdr)                Make it at least 23.60004pt, for example:
(fancyhdr)                \setlength{\headheight}{23.60004pt}.
(fancyhdr)                You might also make \topmargin smaller to compensate:

(fancyhdr)                \addtolength{\topmargin}{-11.60004pt}.

[16 <./image/setting_target_single_view.png>] (lonka_2.aux) ) 
Here is how much of TeX's memory you used:
 4106 strings out of 475385
 76240 string characters out of 2786725
 509447 words of memory out of 3000000
 25452 multiletter control sequences out of 15000+600000
 474148 words of font info for 44 fonts, out of 8000000 for 9000
 1141 hyphenation exceptions out of 8191
 72i,16n,77p,452b,387s stack positions out of 10000i,1000n,20000p,200000b,80000s
 <C:\Users\User\Ap
pData\Local\MiKTeX\fonts/pk/ljfour/jknappen/ec/dpi600\tcrm1000.pk><C:/Program F
iles/MiKTeX/fonts/type1/public/amsfonts/cm/cmbx10.pfb><C:/Program Files/MiKTeX/
fonts/type1/public/amsfonts/cm/cmbx12.pfb><C:/Program Files/MiKTeX/fonts/type1/
public/amsfonts/cm/cmr10.pfb><C:/Program Files/MiKTeX/fonts/type1/public/amsfon
ts/cm/cmr12.pfb><C:/Program Files/MiKTeX/fonts/type1/public/amsfonts/cm/cmr17.p
fb>
Output written on lonka_2.pdf (17 pages, 2925227 bytes).
PDF statistics:
 136 PDF objects out of 1000 (max. 8388607)
 0 named destinations out of 1000 (max. 500000)
 121 words of extra memory for PDF output out of 10000 (max. 10000000)

